<?xml version="1.0" encoding="UTF-8"?>
<!-- Generated by org.testng.reporters.JUnitXMLReporter -->
<testsuite hostname="LAPTOP-RT8ROG2F" ignored="5" name="Test" tests="3" failures="0" timestamp="16 Apr 2023 04:48:10 GMT" time="0.049" errors="0">
  <testcase name="test4" time="0.001" classname="testcases.CreditCard"/>
  <testcase name="test3" time="0.001" classname="testcases.Carloantest"/>
  <testcase name="test2" time="0.001" classname="testcases.HomeLoantest"/>
  <testcase name="@BeforeTest method3" time="0.0" classname="testcases.BaseClass">
    <ignored/>
  </testcase> <!-- @BeforeTest method3 -->
  <testcase name="@BeforeTest method3" time="0.0" classname="testcases.BaseClass">
    <ignored/>
  </testcase> <!-- @BeforeTest method3 -->
  <testcase name="test1" time="0.0" classname="testcases.HomeLoantest">
    <ignored/>
  </testcase> <!-- test1 -->
  <testcase name="@AfterTest method4" time="0.0" classname="testcases.BaseClass">
    <ignored/>
  </testcase> <!-- @AfterTest method4 -->
  <testcase name="@AfterTest method4" time="0.0" classname="testcases.BaseClass">
    <ignored/>
  </testcase> <!-- @AfterTest method4 -->
</testsuite> <!-- Test -->
