<?xml version="1.0" encoding="UTF-8"?>
<testng-results skipped="0" failed="0" ignored="5" total="8" passed="3">
  <reporter-output>
  </reporter-output>
  <suite name="Regression" duration-ms="49" started-at="2023-04-16T04:48:10Z" finished-at="2023-04-16T04:48:10Z">
    <groups>
    </groups>
    <test name="Test" duration-ms="49" started-at="2023-04-16T04:48:10Z" finished-at="2023-04-16T04:48:10Z">
      <class name="testcases.Carloantest">
        <test-method status="PASS" signature="test3()[pri:0, instance:testcases.Carloantest@143640d5]" name="test3" duration-ms="1" started-at="2023-04-16T04:48:10Z" finished-at="2023-04-16T04:48:10Z">
          <reporter-output>
          </reporter-output>
        </test-method> <!-- test3 -->
        <test-method status="PASS" signature="method1()[pri:0, instance:testcases.Carloantest@143640d5]" name="method1" is-config="true" duration-ms="0" started-at="2023-04-16T04:48:10Z" finished-at="2023-04-16T04:48:10Z">
          <reporter-output>
          </reporter-output>
        </test-method> <!-- method1 -->
        <test-method status="PASS" signature="method2()[pri:0, instance:testcases.Carloantest@143640d5]" name="method2" is-config="true" duration-ms="0" started-at="2023-04-16T04:48:10Z" finished-at="2023-04-16T04:48:10Z">
          <reporter-output>
          </reporter-output>
        </test-method> <!-- method2 -->
      </class> <!-- testcases.Carloantest -->
      <class name="testcases.CreditCard">
        <test-method status="PASS" signature="method3()[pri:0, instance:testcases.CreditCard@78b1cc93]" name="method3" is-config="true" duration-ms="23" started-at="2023-04-16T04:48:10Z" finished-at="2023-04-16T04:48:10Z">
          <reporter-output>
          </reporter-output>
        </test-method> <!-- method3 -->
        <test-method status="PASS" signature="test4()[pri:0, instance:testcases.CreditCard@78b1cc93]" name="test4" duration-ms="1" started-at="2023-04-16T04:48:10Z" finished-at="2023-04-16T04:48:10Z">
          <reporter-output>
          </reporter-output>
        </test-method> <!-- test4 -->
        <test-method status="PASS" signature="method1()[pri:0, instance:testcases.CreditCard@78b1cc93]" name="method1" is-config="true" duration-ms="0" started-at="2023-04-16T04:48:10Z" finished-at="2023-04-16T04:48:10Z">
          <reporter-output>
          </reporter-output>
        </test-method> <!-- method1 -->
        <test-method status="PASS" signature="method2()[pri:0, instance:testcases.CreditCard@78b1cc93]" name="method2" is-config="true" duration-ms="0" started-at="2023-04-16T04:48:10Z" finished-at="2023-04-16T04:48:10Z">
          <reporter-output>
          </reporter-output>
        </test-method> <!-- method2 -->
        <test-method status="PASS" signature="method4()[pri:0, instance:testcases.CreditCard@78b1cc93]" name="method4" is-config="true" duration-ms="0" started-at="2023-04-16T04:48:10Z" finished-at="2023-04-16T04:48:10Z">
          <reporter-output>
          </reporter-output>
        </test-method> <!-- method4 -->
      </class> <!-- testcases.CreditCard -->
      <class name="testcases.HomeLoantest">
        <test-method status="PASS" signature="test2()[pri:0, instance:testcases.HomeLoantest@6295d394]" name="test2" duration-ms="1" started-at="2023-04-16T04:48:10Z" finished-at="2023-04-16T04:48:10Z">
          <reporter-output>
          </reporter-output>
        </test-method> <!-- test2 -->
        <test-method status="PASS" signature="method1()[pri:0, instance:testcases.HomeLoantest@6295d394]" name="method1" is-config="true" duration-ms="0" started-at="2023-04-16T04:48:10Z" finished-at="2023-04-16T04:48:10Z">
          <reporter-output>
          </reporter-output>
        </test-method> <!-- method1 -->
        <test-method status="PASS" signature="method2()[pri:0, instance:testcases.HomeLoantest@6295d394]" name="method2" is-config="true" duration-ms="0" started-at="2023-04-16T04:48:10Z" finished-at="2023-04-16T04:48:10Z">
          <reporter-output>
          </reporter-output>
        </test-method> <!-- method2 -->
      </class> <!-- testcases.HomeLoantest -->
    </test> <!-- Test -->
  </suite> <!-- Regression -->
</testng-results>
