<?xml version="1.0" encoding="UTF-8"?>
<testng-results ignored="0" total="2" passed="2" failed="0" skipped="0">
  <reporter-output>
  </reporter-output>
  <suite started-at="2023-04-16T04:05:56Z" name="Default suite" finished-at="2023-04-16T04:05:56Z" duration-ms="28">
    <groups>
    </groups>
    <test started-at="2023-04-16T04:05:56Z" name="Default test" finished-at="2023-04-16T04:05:56Z" duration-ms="28">
      <class name="testcases.HomeLoantest">
        <test-method is-config="true" signature="method3()[pri:0, instance:testcases.HomeLoantest@732d0d24]" started-at="2023-04-16T04:05:56Z" name="method3" finished-at="2023-04-16T04:05:56Z" duration-ms="8" status="PASS">
          <reporter-output>
          </reporter-output>
        </test-method> <!-- method3 -->
        <test-method is-config="true" signature="method1()[pri:0, instance:testcases.HomeLoantest@732d0d24]" started-at="2023-04-16T04:05:56Z" name="method1" finished-at="2023-04-16T04:05:56Z" duration-ms="0" status="PASS">
          <reporter-output>
          </reporter-output>
        </test-method> <!-- method1 -->
        <test-method signature="test2()[pri:0, instance:testcases.HomeLoantest@732d0d24]" started-at="2023-04-16T04:05:56Z" name="test2" finished-at="2023-04-16T04:05:56Z" duration-ms="4" status="PASS">
          <reporter-output>
          </reporter-output>
        </test-method> <!-- test2 -->
        <test-method is-config="true" signature="method2()[pri:0, instance:testcases.HomeLoantest@732d0d24]" started-at="2023-04-16T04:05:56Z" name="method2" finished-at="2023-04-16T04:05:56Z" duration-ms="0" status="PASS">
          <reporter-output>
          </reporter-output>
        </test-method> <!-- method2 -->
        <test-method is-config="true" signature="method1()[pri:0, instance:testcases.HomeLoantest@732d0d24]" started-at="2023-04-16T04:05:56Z" name="method1" finished-at="2023-04-16T04:05:56Z" duration-ms="0" status="PASS">
          <reporter-output>
          </reporter-output>
        </test-method> <!-- method1 -->
        <test-method signature="test1()[pri:0, instance:testcases.HomeLoantest@732d0d24]" started-at="2023-04-16T04:05:56Z" name="test1" finished-at="2023-04-16T04:05:56Z" depends-on-methods="testcases.HomeLoantest.test2" duration-ms="1" status="PASS">
          <reporter-output>
          </reporter-output>
        </test-method> <!-- test1 -->
        <test-method is-config="true" signature="method2()[pri:0, instance:testcases.HomeLoantest@732d0d24]" started-at="2023-04-16T04:05:56Z" name="method2" finished-at="2023-04-16T04:05:56Z" duration-ms="1" status="PASS">
          <reporter-output>
          </reporter-output>
        </test-method> <!-- method2 -->
        <test-method is-config="true" signature="method4()[pri:0, instance:testcases.HomeLoantest@732d0d24]" started-at="2023-04-16T04:05:56Z" name="method4" finished-at="2023-04-16T04:05:56Z" duration-ms="0" status="PASS">
          <reporter-output>
          </reporter-output>
        </test-method> <!-- method4 -->
      </class> <!-- testcases.HomeLoantest -->
    </test> <!-- Default test -->
  </suite> <!-- Default suite -->
</testng-results>
